"../../../../../UE/MyProject/Content/AnimStarterPack/UE4_Mannequin/Mesh/UE4_Mannequin_Skeleton_2.uasset" 0
"../../../../../UE/MyProject/Content/AnimStarterPack/Aim_Space_Hip.uasset" 1
"../../../../../UE/MyProject/Content/AnimStarterPack/Aim_Space_Ironsights.uasset" 2
"../../../../../UE/MyProject/Content/AnimStarterPack/Crouch_to_Stand_Rifle_Hip.uasset" 3
"../../../../../UE/MyProject/Content/AnimStarterPack/Crouch_to_Stand_Rifle_Ironsights.uasset" 4
"../../../../../UE/MyProject/Content/AnimStarterPack/Crouch_Walk_Bwd_Rifle_Ironsights.uasset" 5
"../../../../../UE/MyProject/Content/AnimStarterPack/Crouch_Walk_Lt_Rifle_Ironsights.uasset" 6
"../../../../../UE/MyProject/Content/AnimStarterPack/Crouch_Walk_Rt_Rifle_Ironsights.uasset" 7
"../../../../../UE/MyProject/Content/AnimStarterPack/Death_1.uasset" 8
"../../../../../UE/MyProject/Content/AnimStarterPack/Death_2.uasset" 9
"../../../../../UE/MyProject/Content/AnimStarterPack/Death_3.uasset" 10
"../../../../../UE/MyProject/Content/AnimStarterPack/Death_Ironsights_1.uasset" 11
"../../../../../UE/MyProject/Content/AnimStarterPack/Death_Ironsights_2.uasset" 12
"../../../../../UE/MyProject/Content/AnimStarterPack/Equip_Rifle_Standing.uasset" 13
"../../../../../UE/MyProject/Content/AnimStarterPack/Fire_Rifle_Hip.uasset" 14
"../../../../../UE/MyProject/Content/AnimStarterPack/Fire_Shotgun_Hip.uasset" 15
"../../../../../UE/MyProject/Content/AnimStarterPack/Fire_Shotgun_Ironsights.uasset" 16
"../../../../../UE/MyProject/Content/AnimStarterPack/Hit_React_4.uasset" 17
"../../../../../UE/MyProject/Content/AnimStarterPack/Idle_Pistol.uasset" 18
"../../../../../UE/MyProject/Content/AnimStarterPack/Jump_From_Stand_Ironsights.uasset" 19
"../../../../../UE/MyProject/Content/AnimStarterPack/Prone_Death_1.uasset" 20
"../../../../../UE/MyProject/Content/AnimStarterPack/Prone_Death_2.uasset" 21
"../../../../../UE/MyProject/Content/AnimStarterPack/Prone_Fire_1.uasset" 22
"../../../../../UE/MyProject/Content/AnimStarterPack/Prone_Fire_2.uasset" 23
"../../../../../UE/MyProject/Content/AnimStarterPack/Prone_Idle.uasset" 24
"../../../../../UE/MyProject/Content/AnimStarterPack/Prone_Reload_Rifle.uasset" 25
"../../../../../UE/MyProject/Content/AnimStarterPack/Prone_Reload_Shotgun.uasset" 26
"../../../../../UE/MyProject/Content/AnimStarterPack/Prone_To_Stand.uasset" 27
"../../../../../UE/MyProject/Content/AnimStarterPack/Reload_Pistol.uasset" 28
"../../../../../UE/MyProject/Content/AnimStarterPack/Reload_Rifle_Ironsights.uasset" 29
"../../../../../UE/MyProject/Content/AnimStarterPack/Reload_Shotgun_Hip.uasset" 30
"../../../../../UE/MyProject/Content/AnimStarterPack/Reload_Shotgun_Ironsights.uasset" 31
"../../../../../UE/MyProject/Content/AnimStarterPack/Stand_to_Crouch_Rifle_Hip.uasset" 32
"../../../../../UE/MyProject/Content/AnimStarterPack/Stand_to_Crouch_Rifle_Ironsights.uasset" 33
"../../../../../UE/MyProject/Content/AnimStarterPack/Stand_To_Prone.uasset" 34
"../../../../../UE/MyProject/Content/Levels/Menu/background2.uasset" 35
"../../../../../UE/MyProject/Content/Levels/Menu/MenuExample.uasset" 36
"../../../../../UE/MyProject/Content/Levels/Menu/TestIcon.uasset" 37
"../../../../../UE/MyProject/Content/Mannequin/Character/Mesh/UE4_Mannequin_Skeleton.uasset" 38
"../../../../../UE/MyProject/Content/Mannequin/Animations/ThirdPersonJump_End.uasset" 39
"../../../../../UE/MyProject/Content/Mannequin/Animations/ThirdPerson_Jump.uasset" 40
"../../../../../UE/MyProject/Content/Mannequin/Animations/ThirdPersonJump_Loop.uasset" 41
"../../../../../UE/MyProject/Content/Mannequin/Animations/ThirdPersonJump_Start.uasset" 42
"../../../../../UE/MyProject/Content/Mannequin/Animations/ThirdPersonIdle.uasset" 43
"../../../../../UE/MyProject/Content/Mannequin/Animations/ThirdPersonRun.uasset" 44
"../../../../../UE/MyProject/Content/Mannequin/Animations/ThirdPersonWalk.uasset" 45
"../../../../../UE/MyProject/Content/Mannequin/Animations/ThirdPerson_IdleRun_2D.uasset" 46
"../../../Engine/Content/EditorBlueprintResources/StandardMacros.uasset" 47
"../../../../../UE/MyProject/Content/Mannequin/Animations/ThirdPerson_AnimBP.uasset" 48
"../../../Engine/Content/Functions/Engine_MaterialFunctions02/Utility/BlendAngleCorrectedNormals.uasset" 49
"../../../Engine/Content/Functions/MaterialLayerFunctions/MatLayerBlend_NormalBlend.uasset" 50
"../../../Engine/Content/Functions/MaterialLayerFunctions/MatLayerBlend_Simple.uasset" 51
"../../../../../UE/MyProject/Content/Mannequin/Character/Materials/MaterialLayers/T_ML_Rubber_Blue_01_D.uasset" 52
"../../../../../UE/MyProject/Content/Mannequin/Character/Materials/MaterialLayers/T_ML_Rubber_Blue_01_N.uasset" 53
"../../../../../UE/MyProject/Content/Mannequin/Character/Materials/MaterialLayers/ML_GlossyBlack_Latex_UE4.uasset" 54
"../../../../../UE/MyProject/Content/Mannequin/Character/Materials/MaterialLayers/ML_Plastic_Shiny_Beige.uasset" 55
"../../../../../UE/MyProject/Content/Mannequin/Character/Textures/UE4_LOGO_CARD.uasset" 56
"../../../../../UE/MyProject/Content/Mannequin/Character/Materials/MaterialLayers/ML_Plastic_Shiny_Beige_LOGO.uasset" 57
"../../../../../UE/MyProject/Content/Mannequin/Character/Materials/MaterialLayers/T_ML_Aluminum01.uasset" 58
"../../../../../UE/MyProject/Content/Mannequin/Character/Materials/MaterialLayers/T_ML_Aluminum01_N.uasset" 59
"../../../../../UE/MyProject/Content/Mannequin/Character/Materials/MaterialLayers/ML_SoftMetal_UE4.uasset" 60
"../../../../../UE/MyProject/Content/Mannequin/Character/Textures/UE4_Mannequin__normals.uasset" 61
"../../../../../UE/MyProject/Content/Mannequin/Character/Textures/UE4_Mannequin_MAT_MASKA.uasset" 62
"../../../../../UE/MyProject/Content/Mannequin/Character/Materials/M_UE4Man_Body.uasset" 63
"../../../../../UE/MyProject/Content/Mannequin/Character/Textures/UE4Man_Logo_N.uasset" 64
"../../../../../UE/MyProject/Content/Mannequin/Character/Materials/M_UE4Man_ChestLogo.uasset" 65
"../../../../../UE/MyProject/Content/Mannequin/Character/Mesh/SK_Mannequin_PhysicsAsset.uasset" 66
"../../../../../UE/MyProject/Content/Mannequin/Character/Mesh/SK_Mannequin.uasset" 67
"../../../../../UE/MyProject/Content/StarterContent/Materials/M_Basic_Wall.uasset" 68
"../../../../../UE/MyProject/Content/StarterContent/Architecture/Pillar_50x500.uasset" 69
"../../../../../UE/MyProject/Content/StarterContent/Architecture/Wall_400x300.uasset" 70
"../../../../../UE/MyProject/Content/StarterContent/Architecture/Wall_400x400.uasset" 71
"../../../../../UE/MyProject/Content/StarterContent/Architecture/Wall_500x500.uasset" 72
"../../../../../UE/MyProject/Content/StarterContent/Architecture/Wall_Door_400x400.uasset" 73
"../../../../../UE/MyProject/Content/StarterContent/Architecture/Wall_Window_400x400.uasset" 74
"../../../../../UE/MyProject/Content/StarterContent/Audio/Collapse01.uasset" 75
"../../../../../UE/MyProject/Content/StarterContent/Audio/Collapse02.uasset" 76
"../../../../../UE/MyProject/Content/StarterContent/Audio/Explosion01.uasset" 77
"../../../../../UE/MyProject/Content/StarterContent/Audio/Explosion02.uasset" 78
"../../../../../UE/MyProject/Content/StarterContent/Audio/Fire01.uasset" 79
"../../../../../UE/MyProject/Content/StarterContent/Audio/Fire_Sparks01.uasset" 80
"../../../../../UE/MyProject/Content/StarterContent/Audio/Light01.uasset" 81
"../../../../../UE/MyProject/Content/StarterContent/Audio/Light01_Cue.uasset" 82
"../../../../../UE/MyProject/Content/StarterContent/Audio/Light02.uasset" 83
"../../../../../UE/MyProject/Content/StarterContent/Audio/Light02_Cue.uasset" 84
"../../../../../UE/MyProject/Content/StarterContent/Audio/Smoke01.uasset" 85
"../../../../../UE/MyProject/Content/StarterContent/Audio/Starter_Birds01.uasset" 86
"../../../../../UE/MyProject/Content/StarterContent/Audio/Starter_Music01.uasset" 87
"../../../../../UE/MyProject/Content/StarterContent/Audio/Starter_Wind05.uasset" 88
"../../../../../UE/MyProject/Content/StarterContent/Audio/Starter_Wind06.uasset" 89
"../../../../../UE/MyProject/Content/StarterContent/Audio/Steam01.uasset" 90
"../../../../../UE/MyProject/Content/StarterContent/Audio/Explosion_Cue.uasset" 91
"../../../../../UE/MyProject/Content/StarterContent/Textures/T_Burst_M.uasset" 92
"../../../../../UE/MyProject/Content/StarterContent/Particles/Materials/M_Burst.uasset" 93
"../../../../../UE/MyProject/Content/StarterContent/Textures/T_Explosion_SubUV.uasset" 94
"../../../../../UE/MyProject/Content/StarterContent/Particles/Materials/M_explosion_subUV.uasset" 95
"../../../../../UE/MyProject/Content/StarterContent/Particles/Materials/m_flare_01.uasset" 96
"../../../Engine/Content/Functions/Engine_MaterialFunctions01/Gradient/RadialGradient.uasset" 97
"../../../../../UE/MyProject/Content/StarterContent/Particles/Materials/M_radial_ramp.uasset" 98
"../../../../../UE/MyProject/Content/StarterContent/Textures/T_Smoke_SubUV.uasset" 99
"../../../../../UE/MyProject/Content/StarterContent/Textures/T_Smoke_Tiled_D.uasset" 100
"../../../../../UE/MyProject/Content/StarterContent/Particles/Materials/M_smoke_subUV.uasset" 101
"../../../../../UE/MyProject/Content/StarterContent/Particles/P_Explosion.uasset" 102
"../../../../../UE/MyProject/Content/StarterContent/Blueprints/Blueprint_Effect_Explosion.uasset" 103
"../../../Engine/Content/EditorMeshes/ColorCalibrator/T_ColorGrid.uasset" 104
"../../../../../UE/MyProject/Content/StarterContent/Materials/M_ColorGrid_LowSpec.uasset" 105
"../../../../../UE/MyProject/Content/StarterContent/Textures/T_Bush_D.uasset" 106
"../../../../../UE/MyProject/Content/StarterContent/Textures/T_Bush_N.uasset" 107
"../../../../../UE/MyProject/Content/StarterContent/Props/Materials/M_Bush.uasset" 108
"../../../../../UE/MyProject/Content/StarterContent/Props/SM_Bush.uasset" 109
"../../../../../UE/MyProject/Content/StarterContent/Textures/T_Chair_M.uasset" 110
"../../../../../UE/MyProject/Content/StarterContent/Textures/T_Chair_N.uasset" 111
"../../../../../UE/MyProject/Content/StarterContent/Props/Materials/M_Chair.uasset" 112
"../../../../../UE/MyProject/Content/StarterContent/Props/SM_Couch.uasset" 113
"../../../../../UE/MyProject/Content/StarterContent/Materials/M_Glass.uasset" 114
"../../../../../UE/MyProject/Content/StarterContent/Textures/T_Door_M.uasset" 115
"../../../../../UE/MyProject/Content/StarterContent/Textures/T_Door_N.uasset" 116
"../../../../../UE/MyProject/Content/StarterContent/Props/Materials/M_Door.uasset" 117
"../../../../../UE/MyProject/Content/StarterContent/Props/SM_Door.uasset" 118
"../../../../../UE/MyProject/Content/StarterContent/Props/Materials/M_MaterialSphere.uasset" 119
"../../../../../UE/MyProject/Content/StarterContent/Props/Materials/M_MaterialSphere_Plain.uasset" 120
"../../../../../UE/MyProject/Content/StarterContent/Props/SM_MatPreviewMesh_02.uasset" 121
"../../../../../UE/MyProject/Content/StarterContent/Textures/T_Detail_Rocky_N.uasset" 122
"../../../../../UE/MyProject/Content/StarterContent/Textures/T_Rock_Basalt_D.uasset" 123
"../../../../../UE/MyProject/Content/StarterContent/Textures/T_RockMesh_M.uasset" 124
"../../../../../UE/MyProject/Content/StarterContent/Textures/T_RockMesh_N.uasset" 125
"../../../../../UE/MyProject/Content/StarterContent/Props/Materials/M_Rock.uasset" 126
"../../../../../UE/MyProject/Content/StarterContent/Props/SM_Rock.uasset" 127
"../../../../../UE/MyProject/Content/StarterContent/Textures/T_Shelf_M.uasset" 128
"../../../../../UE/MyProject/Content/StarterContent/Textures/T_Shelf_N.uasset" 129
"../../../../../UE/MyProject/Content/StarterContent/Props/Materials/M_Shelf.uasset" 130
"../../../../../UE/MyProject/Content/StarterContent/Props/SM_Shelf.uasset" 131
"../../../../../UE/MyProject/Content/StarterContent/Materials/M_Basic_Floor.uasset" 132
"../../../../../UE/MyProject/Content/StarterContent/Props/SM_Stairs.uasset" 133
"../../../../../UE/MyProject/Content/StarterContent/Shapes/Shape_Cone.uasset" 134
"../../../../../UE/MyProject/Content/StarterContent/Shapes/Shape_Cylinder.uasset" 135
"../../../../../UE/MyProject/Content/StarterContent/Shapes/Shape_NarrowCapsule.uasset" 136
"../../../../../UE/MyProject/Content/StarterContent/Shapes/Shape_Pipe.uasset" 137
"../../../../../UE/MyProject/Content/StarterContent/Shapes/Shape_Pipe_180.uasset" 138
"../../../../../UE/MyProject/Content/StarterContent/Shapes/Shape_Pipe_90.uasset" 139
"../../../../../UE/MyProject/Content/StarterContent/Shapes/Shape_Plane.uasset" 140
"../../../../../UE/MyProject/Content/StarterContent/Shapes/Shape_Torus.uasset" 141
"../../../../../UE/MyProject/Content/StarterContent/Shapes/Shape_Trim.uasset" 142
"../../../../../UE/MyProject/Content/StarterContent/Shapes/Shape_Trim_90_In.uasset" 143
"../../../../../UE/MyProject/Content/StarterContent/Shapes/Shape_Trim_90_Out.uasset" 144
"../../../../../UE/MyProject/Content/StarterContent/Shapes/Shape_TriPyramid.uasset" 145
"../../../../../UE/MyProject/Content/StarterContent/Shapes/Shape_Tube.uasset" 146
"../../../../../UE/MyProject/Content/StarterContent/Shapes/Shape_Wedge_A.uasset" 147
"../../../../../UE/MyProject/Content/StarterContent/Shapes/Shape_Wedge_B.uasset" 148
"../../../../../UE/MyProject/Content/StarterContent/Shapes/Shape_WideCapsule.uasset" 149
"../../../../../UE/MyProject/Content/AnimStarterPack/Idle_Rifle_Hip.uasset" 150
"../../../../../UE/MyProject/Content/AnimStarterPack/Jog_Bwd_Rifle.uasset" 151
"../../../../../UE/MyProject/Content/AnimStarterPack/Jog_Fwd_Rifle.uasset" 152
"../../../../../UE/MyProject/Content/AnimStarterPack/Jog_Lt_Rifle.uasset" 153
"../../../../../UE/MyProject/Content/AnimStarterPack/Jog_Rt_Rifle.uasset" 154
"../../../../../UE/MyProject/Content/AnimStarterPack/Sprint_Fwd_Rifle.uasset" 155
"../../../../../UE/MyProject/Content/AnimStarterPack/Anims/BlendSpace.uasset" 156
"../../../../../UE/MyProject/Content/AnimStarterPack/Idle_Rifle_Ironsights.uasset" 157
"../../../../../UE/MyProject/Content/AnimStarterPack/Walk_Bwd_Rifle_Ironsights.uasset" 158
"../../../../../UE/MyProject/Content/AnimStarterPack/Walk_Fwd_Rifle_Ironsights.uasset" 159
"../../../../../UE/MyProject/Content/AnimStarterPack/Walk_Lt_Rifle_Ironsights.uasset" 160
"../../../../../UE/MyProject/Content/AnimStarterPack/Walk_Rt_Rifle_Ironsights.uasset" 161
"../../../../../UE/MyProject/Content/AnimStarterPack/Anims/BlendSpaceAim.uasset" 162
"../../../../../UE/MyProject/Content/AnimStarterPack/Anims/Anims.uasset" 163
"../../../Engine/Content/Functions/MaterialLayerFunctions/MatLayerBlend_AO.uasset" 164
"../../../../../UE/MyProject/Content/AnimStarterPack/UE4_Mannequin/Materials/MaterialLayers/T_ML_Rubber_Blue_01_D.uasset" 165
"../../../../../UE/MyProject/Content/AnimStarterPack/UE4_Mannequin/Materials/MaterialLayers/T_ML_Rubber_Blue_01_N.uasset" 166
"../../../../../UE/MyProject/Content/AnimStarterPack/UE4_Mannequin/Materials/MaterialLayers/ML_GlossyBlack_Latex_UE4.uasset" 167
"../../../../../UE/MyProject/Content/AnimStarterPack/UE4_Mannequin/Materials/MaterialLayers/ML_Plastic_Shiny_Beige.uasset" 168
"../../../../../UE/MyProject/Content/AnimStarterPack/UE4_Mannequin/Textures/UE4_LOGO_CARD.uasset" 169
"../../../../../UE/MyProject/Content/AnimStarterPack/UE4_Mannequin/Materials/MaterialLayers/ML_Plastic_Shiny_Beige_LOGO.uasset" 170
"../../../../../UE/MyProject/Content/AnimStarterPack/UE4_Mannequin/Materials/MaterialLayers/T_ML_Aluminum01.uasset" 171
"../../../../../UE/MyProject/Content/AnimStarterPack/UE4_Mannequin/Materials/MaterialLayers/T_ML_Aluminum01_N.uasset" 172
"../../../../../UE/MyProject/Content/AnimStarterPack/UE4_Mannequin/Materials/MaterialLayers/ML_SoftMetal_UE4.uasset" 173
"../../../../../UE/MyProject/Content/AnimStarterPack/UE4_Mannequin/Textures/UE4_Mannequin__normals.uasset" 174
"../../../../../UE/MyProject/Content/AnimStarterPack/UE4_Mannequin/Textures/UE4_Mannequin_MAT_MASKA.uasset" 175
"../../../../../UE/MyProject/Content/AnimStarterPack/UE4_Mannequin/Textures/UE4_Mannequin_occlusion_Mobile.uasset" 176
"../../../../../UE/MyProject/Content/AnimStarterPack/UE4_Mannequin/Materials/M_UE4Man_Body.uasset" 177
"../../../../../UE/MyProject/Content/AnimStarterPack/UE4_Mannequin/Textures/UE4Man_Logo_N.uasset" 178
"../../../../../UE/MyProject/Content/AnimStarterPack/UE4_Mannequin/Materials/M_UE4Man_ChestLogo.uasset" 179
"../../../../../UE/MyProject/Content/AnimStarterPack/UE4_Mannequin/Mesh/SK_Mannequin_PhysicsAsset_2.uasset" 180
"../../../../../UE/MyProject/Content/AnimStarterPack/UE4_Mannequin/Mesh/SK_Mannequin_2.uasset" 181
"../../../../../UE/MyProject/Content/AnimStarterPack/TPC/ThirdPersonCharacter.uasset" 182
"../../../../../UE/MyProject/Content/ThirdPersonBP/Blueprints/ThirdPersonGameMode.uasset" 183
"../../../Engine/Content/Functions/Engine_MaterialFunctions01/Opacity/CameraDepthFade.uasset" 184
"../../../Engine/Content/EngineMaterials/T_Default_Material_Grid_M.uasset" 185
"../../../Engine/Content/EngineMaterials/T_Default_Material_Grid_N.uasset" 186
"../../../Engine/Content/EngineMaterials/DefaultMaterial.uasset" 187
"../../../Engine/Content/BasicShapes/Cone.uasset" 188
"../../../Engine/Content/EngineMaterials/WorldGridMaterial.uasset" 189
"../../../Engine/Content/BasicShapes/Cube.uasset" 190
"../../../Engine/Content/BasicShapes/Cylinder.uasset" 191
"../../../Engine/Content/BasicShapes/Plane.uasset" 192
"../../../Engine/Content/BasicShapes/Sphere.uasset" 193
"../../../Engine/Content/EditorLandscapeResources/DataLayer.uasset" 194
"../../../Engine/Content/EditorMaterials/GizmoMaterial.uasset" 195
"../../../Engine/Content/EditorMaterials/MAT_Groups_Toggle.uasset" 196
"../../../Engine/Content/EditorMaterials/MAT_Groups_Visibility.uasset" 197
"../../../Engine/Content/EditorMaterials/PreviewShadowIndicator.uasset" 198
"../../../Engine/Content/EditorMaterials/PreviewShadowIndicatorMaterial.uasset" 199
"../../../Engine/Content/EditorMaterials/MatineeGroups/MAT_ColorTrack.uasset" 200
"../../../Engine/Content/EditorMaterials/MatineeGroups/MAT_Groups_Anim.uasset" 201
"../../../Engine/Content/EditorMaterials/MatineeGroups/MAT_Groups_AudioMaster.uasset" 202
"../../../Engine/Content/EditorMaterials/MatineeGroups/MAT_Groups_Director.uasset" 203
"../../../Engine/Content/EditorMaterials/MatineeGroups/MAT_Groups_Event.uasset" 204
"../../../Engine/Content/EditorMaterials/MatineeGroups/MAT_Groups_Fade.uasset" 205
"../../../Engine/Content/EditorMaterials/MatineeGroups/MAT_Groups_Float.uasset" 206
"../../../Engine/Content/EditorMaterials/MatineeGroups/MAT_Groups_Move.uasset" 207
"../../../Engine/Content/EditorMaterials/MatineeGroups/MAT_Groups_Slomo.uasset" 208
"../../../Engine/Content/EditorMaterials/MatineeGroups/MAT_Groups_Sound.uasset" 209
"../../../Engine/Content/EditorMaterials/MatineeGroups/MAT_Groups_Vector.uasset" 210
"../../../Engine/Content/EditorMaterials/ParticleSystems/PSysThumbnail_NoImage.uasset" 211
"../../../Engine/Content/EditorMaterials/ParticleSystems/PSysThumbnail_OOD.uasset" 212
"../../../Engine/Content/EditorMaterials/Camera/CineMat.uasset" 213
"../../../Engine/Content/EditorMaterials/Camera/MI_CineMat_Rig.uasset" 214
"../../../Engine/Content/EditorMeshes/Camera/SM_CraneRig_Arm.uasset" 215
"../../../Engine/Content/EditorMeshes/Camera/SM_CraneRig_Base.uasset" 216
"../../../Engine/Content/EditorMeshes/Camera/SM_CraneRig_Body.uasset" 217
"../../../Engine/Content/EditorMeshes/Camera/SM_CraneRig_Mount.uasset" 218
"../../../Engine/Content/EditorMeshes/Camera/SM_RailRig_Mount.uasset" 219
"../../../Engine/Content/EditorMeshes/Camera/SM_RailRig_Track.uasset" 220
"../../../Engine/Content/EditorResources/BSPVertex.uasset" 221
"../../../Engine/Content/EditorResources/EmptyActor.uasset" 222
"../../../Engine/Content/EditorResources/S_Actor.uasset" 223
"../../../Engine/Content/EditorResources/S_Trigger.uasset" 224
"../../../Engine/Content/EditorResources/AudioIcons/S_AudioComponent.uasset" 225
"../../../Engine/Content/EditorResources/AudioIcons/S_AudioComponent_AutoActivate.uasset" 226
"../../../Engine/Content/EditorResources/LightIcons/S_LightError.uasset" 227
"../../../Engine/Content/EditorResources/SequenceRecorder/Countdown.uasset" 228
"../../../Engine/Content/EditorResources/SequenceRecorder/RecordingIndicator.uasset" 229
"../../../Engine/Content/EditorSounds/Notifications/CompileFailed.uasset" 230
"../../../Engine/Content/EditorSounds/Notifications/CompileFailed_Cue.uasset" 231
"../../../Engine/Content/EditorSounds/Notifications/CompileSuccess.uasset" 232
"../../../Engine/Content/EditorSounds/Notifications/CompileStart_Cue.uasset" 233
"../../../Engine/Content/EditorSounds/Notifications/CompileSuccess_Cue.uasset" 234
"../../../Engine/Content/EngineDamageTypes/DmgTypeBP_Environmental.uasset" 235
"../../../Engine/Content/EngineDebugMaterials/HeatmapGradient.uasset" 236
"../../../Engine/Content/EngineDebugMaterials/BoneWeightMaterial.uasset" 237
"../../../Engine/Content/EngineDebugMaterials/ClothMaterial.uasset" 238
"../../../Engine/Content/EngineDebugMaterials/ClothMaterial_WF.uasset" 239
"../../../Engine/Content/EngineDebugMaterials/DebugEditorMaterial.uasset" 240
"../../../Engine/Content/EngineDebugMaterials/DebugMeshMaterial.uasset" 241
"../../../Engine/Content/EngineDebugMaterials/GeomMaterial.uasset" 242
"../../../Engine/Content/EngineFonts/Faces/RobotoBold.uasset" 243
"../../../Engine/Content/EngineFonts/Faces/RobotoBoldItalic.uasset" 244
"../../../Engine/Content/EngineFonts/Faces/RobotoItalic.uasset" 245
"../../../Engine/Content/EngineFonts/Faces/RobotoLight.uasset" 246
"../../../Engine/Content/EngineFonts/Faces/RobotoRegular.uasset" 247
"../../../Engine/Content/EngineFonts/Roboto.uasset" 248
"../../../Engine/Content/EngineFonts/Faces/RobotoTiny.uasset" 249
"../../../Engine/Content/EngineFonts/RobotoTiny.uasset" 250
"../../../Engine/Content/EngineMaterials/DefaultBloomKernel.uasset" 251
"../../../Engine/Content/EngineMaterials/DefaultBokeh.uasset" 252
"../../../Engine/Content/EngineMaterials/DefaultDiffuse.uasset" 253
"../../../Engine/Content/EngineMaterials/DefaultDeferredDecalMaterial.uasset" 254
"../../../Engine/Content/EngineMaterials/DefaultLightFunctionMaterial.uasset" 255
"../../../Engine/Content/EngineMaterials/DefaultPhysicalMaterial.uasset" 256
"../../../Engine/Content/Functions/Engine_MaterialFunctions02/Utility/BreakOutFloat2Components.uasset" 257
"../../../Engine/Content/EngineMaterials/DefaultPostProcessMaterial.uasset" 258
"../../../Engine/Content/EngineFonts/RobotoDistanceField.uasset" 259
"../../../Engine/Content/EngineMaterials/DefaultTextMaterialOpaque.uasset" 260
"../../../Engine/Content/EngineMaterials/DefaultWhiteGrid.uasset" 261
"../../../Engine/Content/EngineMaterials/EditorBrushMaterial.uasset" 262
"../../../Engine/Content/EngineMaterials/Good64x64TilingNoiseHighFreq.uasset" 263
"../../../Engine/Content/EngineMaterials/MiniFont.uasset" 264
"../../../Engine/Content/EngineMaterials/InvalidLightmapSettings.uasset" 265
"../../../Engine/Content/EngineMaterials/M_InvalidLightmapSettings.uasset" 266
"../../../Engine/Content/Functions/Engine_MaterialFunctions02/WorldPositionOffset/CameraOffset.uasset" 267
"../../../Engine/Content/EngineMaterials/PhAT_JointLimitMaterial.uasset" 268
"../../../Engine/Content/EngineMaterials/PreintegratedSkinBRDF.uasset" 269
"../../../Engine/Content/EngineMaterials/RemoveSurfaceMaterial.uasset" 270
"../../../Engine/Content/EngineMaterials/WeightMapPlaceholderTexture.uasset" 271
"../../../Engine/Content/EngineResources/WhiteSquareTexture.uasset" 272
"../../../Engine/Content/EngineMaterials/Widget3DPassThrough.uasset" 273
"../../../Engine/Content/EngineMaterials/Widget3DPassThrough_Masked.uasset" 274
"../../../Engine/Content/EngineMaterials/Widget3DPassThrough_Opaque.uasset" 275
"../../../Engine/Content/EngineMaterials/Widget3DPassThrough_Masked_OneSided.uasset" 276
"../../../Engine/Content/EngineMaterials/Widget3DPassThrough_Opaque_OneSided.uasset" 277
"../../../Engine/Content/EngineMaterials/Widget3DPassThrough_Translucent.uasset" 278
"../../../Engine/Content/EngineMaterials/Widget3DPassThrough_Translucent_OneSided.uasset" 279
"../../../Engine/Content/EngineMeshes/Cube.uasset" 280
"../../../Engine/Content/EngineMeshes/Cylinder.uasset" 281
"../../../Engine/Content/EngineMeshes/Sphere.uasset" 282
"../../../Engine/Content/EngineResources/Black.uasset" 283
"../../../Engine/Content/EngineResources/DefaultTexture.uasset" 284
"../../../Engine/Content/EngineResources/DefaultTextureCube.uasset" 285
"../../../Engine/Content/EngineResources/GradientTexture0.uasset" 286
"../../../Engine/Content/EngineSounds/Master.uasset" 287
"../../../Engine/Content/Functions/Engine_MaterialFunctions01/Shading/ConvertFromDiffSpec.uasset" 288
"../../../Engine/Content/Functions/Engine_MaterialFunctions01/Shading/PowerToRoughness.uasset" 289
"../../../Engine/Content/Maps/Templates/Thumbnails/Default.uasset" 290
"../../../Engine/Content/Maps/Templates/Thumbnails/VR-Basic.uasset" 291
"../../../Engine/Content/MobileResources/T_MobileControls_texture.uasset" 292
"../../../Engine/Content/MobileResources/T_MobileMenu2.uasset" 293
"../../../Engine/Content/MobileResources/HUD/AnalogHat.uasset" 294
"../../../Engine/Content/MobileResources/HUD/VirtualJoystick_Background.uasset" 295
"../../../Engine/Content/MobileResources/HUD/VirtualJoystick_Thumb.uasset" 296
"../../../Engine/Content/MobileResources/HUD/DefaultVirtualJoysticks.uasset" 297
"../../../Engine/Content/MobileResources/HUD/LeftVirtualJoystickOnly.uasset" 298
"../../../Engine/Content/MobileResources/HUD/MobileHUDButton1_off.uasset" 299
"../../../Engine/Content/MobileResources/HUD/MobileHUDButton1_on.uasset" 300
"../../../Engine/Content/MobileResources/HUD/MobileHUDButton2_off.uasset" 301
"../../../Engine/Content/MobileResources/HUD/MobileHUDButton2_on.uasset" 302
"../../../Engine/Content/MobileResources/HUD/MobileHUDButton3.uasset" 303
"../../../Engine/Content/MobileResources/HUD/MobileHUDButtonFire.uasset" 304
"../../../Engine/Content/MobileResources/HUD/MobileHUDDirectionPad.uasset" 305
"../../../Engine/Content/MobileResources/HUD/MobileHUDDirectionPad2.uasset" 306
"../../../Engine/Content/MobileResources/HUD/MobileHUDDirectionPad3.uasset" 307
"../../../Engine/Content/MobileResources/HUD/MobileHUDDirectionStick.uasset" 308
"../../../Engine/Content/MobileResources/HUD/T_Castle_ThumbstickInner.uasset" 309
"../../../Engine/Content/MobileResources/HUD/T_Castle_ThumbstickOutter.uasset" 310
"../../../Engine/Content/Tutorial/ContentIntroCurve.uasset" 311
"../../../Engine/Content/Tutorial/Basics/TutorialAssets/icon_tab_Levels_40x.uasset" 312
"../../../Engine/Content/Tutorial/BlueprintTutorials/TutorialAssets/BlueprintInterface_64x.uasset" 313
"../../../Engine/Content/Tutorial/BlueprintTutorials/TutorialAssets/BlueprintMacroLibrary_64x.uasset" 314
"../../../Engine/Content/Tutorial/BlueprintTutorials/TutorialAssets/Blueprint_64x.uasset" 315
"../../../Engine/Content/Tutorial/BlueprintTutorials/TutorialAssets/Tutorial_BP_Interface.uasset" 316
"../../../Engine/Content/Tutorial/Foliage/TutorialAssets/Foliage.uasset" 317
"../../../Engine/Content/Tutorial/Landscape/TutorialAssets/Landscape.uasset" 318
"../../../Engine/Content/Tutorial/Mobile/TutorialAssets/android_Icon.uasset" 319
"../../../Engine/Content/Tutorial/Paper2D/TutorialAssets/Paper2DFlipbook_TutorialIcon.uasset" 320
"../../../Engine/Content/Tutorial/Paper2D/TutorialAssets/Paper2DSprite_TutorialIcon.uasset" 321
"../../../Engine/Content/Tutorial/SubEditors/TutorialAssets/icon_Editor_Preferences_General_40x.uasset" 322
"../../../Engine/Content/Tutorial/SubEditors/TutorialAssets/icon_ShowSkeletalMeshes_40x.uasset" 323
"../../../Engine/Content/Tutorial/SubEditors/TutorialAssets/TutorialMaterial.uasset" 324
"../../../Engine/Content/Tutorial/SubEditors/TutorialAssets/T_SmokeSubUV_8X8.uasset" 325
"../../../Engine/Content/Tutorial/SubEditors/TutorialAssets/T_soft_smoke.uasset" 326
"../../../Engine/Content/Tutorial/SubEditors/TutorialAssets/M_smoke_subUV_blackbody.uasset" 327
"../../../Engine/Content/Tutorial/SubEditors/TutorialAssets/TutorialParticleSystem.uasset" 328
"../../../Engine/Content/VREditor/Devices/Generic/GenericHMDMaterial.uasset" 329
"../../../Engine/Content/VREditor/Devices/Generic/GenericHMD.uasset" 330
"../../../Engine/Content/Functions/Engine_MaterialFunctions02/Utility/BreakOutFloat3Components.uasset" 331
"../../../Engine/Content/VREditor/Devices/Vive/VivePreController_MasksB.uasset" 332
"../../../Engine/Content/VREditor/Devices/Oculus/OculusControllerMaterial.uasset" 333
"../../../Engine/Content/VREditor/Devices/Oculus/OculusControllerMaterial_Inst.uasset" 334
"../../../Engine/Content/VREditor/Devices/Oculus/OculusControllerMesh.uasset" 335
"../../../Engine/Content/VREditor/Devices/Vive/T_VivePreController_EM.uasset" 336
"../../../Engine/Content/VREditor/Devices/Vive/VivePreController_MasksA.uasset" 337
"../../../Engine/Content/VREditor/Devices/Vive/VivePreControllerDiffuse.uasset" 338
"../../../Engine/Content/VREditor/Devices/Vive/VivePreControllerSpec.uasset" 339
"../../../Engine/Content/VREditor/LaserPointer/VR_LaserPower_01.uasset" 340
"../../../Engine/Content/VREditor/Devices/Vive/VivePreControllerMaterial.uasset" 341
"../../../Engine/Content/VREditor/Devices/Vive/VivePreControllerMaterial_Inst.uasset" 342
"../../../Engine/Content/VREditor/Devices/Vive/VivePreControllerMesh.uasset" 343
"../../../Engine/Content/VREditor/FloatingText/LineMaterial.uasset" 344
"../../../Engine/Content/VREditor/FloatingText/JointSphere.uasset" 345
"../../../Engine/Content/VREditor/FloatingText/LineSegmentCylinder.uasset" 346
"../../../Engine/Content/VREditor/Fonts/VRText_RobotoLarge.uasset" 347
"../../../Engine/Content/VREditor/Fonts/VRTextMaterial.uasset" 348
"../../../Engine/Content/VREditor/Fonts/TranslucentVRTextMaterial.uasset" 349
"../../../Engine/Content/VREditor/LaserPointer/CursorPointer.uasset" 350
"../../../Engine/Content/VREditor/TransformGizmo/TransformGizmoMaterial.uasset" 351
"../../../Engine/Content/VREditor/LaserPointer/HoverMaterial.uasset" 352
"../../../Engine/Content/VREditor/TransformGizmo/TranslucentTransformGizmoMaterial.uasset" 353
"../../../Engine/Content/VREditor/LaserPointer/TranslucentHoverMaterial.uasset" 354
"../../../Engine/Content/VREditor/LaserPointer/HoverMesh.uasset" 355
"../../../Engine/Content/VREditor/LaserPointer/LaserPointerMaterial.uasset" 356
"../../../Engine/Content/VREditor/LaserPointer/LaserPointerMaterialInst.uasset" 357
"../../../Engine/Content/VREditor/LaserPointer/TranslucentLaserPointerMaterialInst.uasset" 358
"../../../Engine/Content/VREditor/LaserPointer/LaserPointerMesh.uasset" 359
"../../../Engine/Content/VREditor/LaserPointer/LaserPointerMesh_End.uasset" 360
"../../../Engine/Content/VREditor/LaserPointer/LaserPointerMesh_Start.uasset" 361
"../../../Engine/Content/VREditor/Sounds/VR_teleport.uasset" 362
"../../../Engine/Content/VREditor/Sounds/UI/Click_on_Button.uasset" 363
"../../../Engine/Content/VREditor/Sounds/UI/Click_on_Button_Cue.uasset" 364
"../../../Engine/Content/VREditor/Sounds/UI/Dockable_Window_Close.uasset" 365
"../../../Engine/Content/VREditor/Sounds/UI/Dockable_Window_Drop.uasset" 366
"../../../Engine/Content/VREditor/Sounds/UI/Dockable_Window_Open.uasset" 367
"../../../Engine/Content/VREditor/Sounds/UI/Dockable_Window_Pick_Up.uasset" 368
"../../../Engine/Content/VREditor/Sounds/UI/Drop_Item_From_ContentBrowser.uasset" 369
"../../../Engine/Content/VREditor/Sounds/UI/Floating_UI_Open-001.uasset" 370
"../../../Engine/Content/VREditor/Sounds/UI/Radial_Menu_FadeOut.uasset" 371
"../../../Engine/Content/VREditor/Sounds/UI/Teleport_Mode_Entered.uasset" 372
"../../../Engine/Content/VREditor/Teleport/TeleportDirectionMaterial.uasset" 373
"../../../Engine/Content/VREditor/Teleport/TeleportDirectionMaterial_Inst.uasset" 374
"../../../Engine/Content/VREditor/Teleport/TeleportDirectionMesh.uasset" 375
"../../../Engine/Content/VREditor/TransformGizmo/BoundingBoxCorner.uasset" 376
"../../../Engine/Content/VREditor/TransformGizmo/BoundingBoxEdge.uasset" 377
"../../../Engine/Content/VREditor/TransformGizmo/PlaneTranslationHandle.uasset" 378
"../../../Engine/Content/VREditor/TransformGizmo/Main.uasset" 379
"../../../Engine/Content/VREditor/TransformGizmo/Xray.uasset" 380
"../../../Engine/Content/VREditor/TransformGizmo/SM_Dialog_Close.uasset" 381
"../../../Engine/Content/VREditor/TransformGizmo/SM_Dialog_Move.uasset" 382
"../../../Engine/Content/VREditor/TransformGizmo/SM_Sequencer_Key.uasset" 383
"../../../Engine/Content/VREditor/TransformGizmo/SM_Sequencer_Node.uasset" 384
"../../../Engine/Content/VREditor/TransformGizmo/TransformGizmoMaterial_Inst.uasset" 385
"../../../Engine/Content/VREditor/TransformGizmo/TranslucentTransformGizmoMaterial_Inst.uasset" 386
"../../../Engine/Content/VREditor/Devices/Vive/UE4_Logo.uasset" 387
"../../../Engine/Content/VREditor/UI/M_ContentWindow.uasset" 388
"../../../Engine/Content/VREditor/UI/SM_ContentWindow_01.uasset" 389
"../../../Engine/Content/VREditor/UI/KeyDiskMaterial.uasset" 390
"../../../Engine/Content/VREditor/UI/DiscMaterial.uasset" 391
"../../../Engine/Content/VREditor/UI/SM_Radial_Disk.uasset" 392
"../../../Engine/Content/VREditor/UI/ArrowMaterial.uasset" 393
"../../../Engine/Content/VREditor/UI/SM_Radial_Pointer.uasset" 394
"../../../Engine/Content/VREditor/WorldMovementGrid/SimpleGrid.uasset" 395
"../../../Engine/Content/VREditor/WorldMovementGrid/GridMaterial.uasset" 396
"../../../Engine/Content/Functions/Engine_MaterialFunctions01/Density/ExponentialDensity.uasset" 397
"../../../Engine/Content/VREditor/WorldMovementGrid/GridPostProcess.uasset" 398
"../../../Engine/Content/EditorLandscapeResources/FlattenHeightMat.uasset" 399
"../../../Engine/Content/VREditor/WorldMovementGrid/PlaneMesh.uasset" 400
"../../Plugins/2D/Paper2D/Content/PlaceholderTextures/DummySpriteTexture.uasset" 401
"../../Plugins/2D/Paper2D/Content/DummySprite.uasset" 402
"../../Plugins/2D/Paper2D/Content/DefaultPaperTerrainMaterial.uasset" 403
"../../Plugins/2D/Paper2D/Content/DefaultSpriteMaterial.uasset" 404
"../../Plugins/2D/Paper2D/Content/MaskedUnlitSpriteMaterial.uasset" 405
"../../Plugins/2D/Paper2D/Content/OpaqueUnlitSpriteMaterial.uasset" 406
"../../Plugins/Media/MediaCompositing/Content/DefaultMediaPlaneTexture.uasset" 407
"../../Plugins/Media/MediaCompositing/Content/DefaultMediaPlaneMaterial.uasset" 408
"../../../Engine/Content/Functions/Engine_MaterialFunctions02/Utility/MakeFloat4.uasset" 409
"../../Plugins/Runtime/AppleARKit/Content/ARKitCameraMaterial.uasset" 410
"../../Plugins/Runtime/Oculus/OculusVR/Content/Textures/GearVRController_AO.uasset" 411
"../../Plugins/Runtime/Oculus/OculusVR/Content/Textures/GearVRController_Color.uasset" 412
"../../Plugins/Runtime/Oculus/OculusVR/Content/Textures/GearVRController_Normal.uasset" 413
"../../Plugins/Runtime/Oculus/OculusVR/Content/Materials/GearVRControllerMaterial.uasset" 414
"../../Plugins/Runtime/Oculus/OculusVR/Content/Meshes/GearVrController.uasset" 415
"../../../../../UE/MyProject/Content/AnimStarterPack/Crouch_Idle_Rifle_Hip.uasset" 416
"../../../../../UE/MyProject/Content/AnimStarterPack/Crouch_Idle_Rifle_Ironsights.uasset" 417
"../../../../../UE/MyProject/Content/AnimStarterPack/Crouch_Walk_Fwd_Rifle_Ironsights.uasset" 418
"../../../../../UE/MyProject/Content/AnimStarterPack/Equip_Pistol_Standing.uasset" 419
"../../../../../UE/MyProject/Content/AnimStarterPack/Fire_Rifle_Ironsights.uasset" 420
"../../../../../UE/MyProject/Content/AnimStarterPack/Hit_React_1.uasset" 421
"../../../../../UE/MyProject/Content/AnimStarterPack/Hit_React_2.uasset" 422
"../../../../../UE/MyProject/Content/AnimStarterPack/Hit_React_3.uasset" 423
"../../../../../UE/MyProject/Content/AnimStarterPack/Idle_Rifle_Hip_Break1.uasset" 424
"../../../../../UE/MyProject/Content/AnimStarterPack/Idle_Rifle_Hip_Break2.uasset" 425
"../../../../../UE/MyProject/Content/AnimStarterPack/Reload_Rifle_Hip.uasset" 426
"../../../Engine/Content/EngineSky/C_Sky_Cloud_Color.uasset" 427
"../../../Engine/Content/EngineSky/C_Sky_Horizon_Color.uasset" 428
"../../../Engine/Content/EngineSky/C_Sky_Zenith_Color.uasset" 429
"../../../Engine/Content/EngineSky/T_Sky_Blue.uasset" 430
"../../../Engine/Content/EngineSky/T_Sky_Clouds_M.uasset" 431
"../../../Engine/Content/EngineSky/T_Sky_Stars.uasset" 432
"../../../Engine/Content/EngineSky/M_Sky_Panning_Clouds2.uasset" 433
"../../../Engine/Content/EngineSky/SM_SkySphere.uasset" 434
"../../../Engine/Content/EngineSky/BP_Sky_Sphere.uasset" 435
"../../../Engine/Content/TemplateResources/M_Template_Master.uasset" 436
"../../../Engine/Content/TemplateResources/MI_Template_BaseGray_03_Metal.uasset" 437
"../../../../../UE/MyProject/Content/AnimStarterPack/Showcase.umap" 438
"../../../../../UE/MyProject/Content/Levels/Game/Lobby.umap" 439
"../../../../../UE/MyProject/Content/Levels/Menu/background1.uasset" 440
"../../../../../UE/MyProject/Content/Levels/Menu/Shop.uasset" 441
"../../../../../UE/MyProject/Content/Levels/Inventory/InventoryWidget.uasset" 442
"../../../../../UE/MyProject/Content/Levels/Inventory/Inventory.umap" 443
"../../../../../UE/MyProject/Content/Levels/Menu/ofont_ru_Impact.uasset" 444
"../../../../../UE/MyProject/Content/Levels/Menu/ofont_ru_Impact_Font.uasset" 445
"../../../../../UE/MyProject/Content/Levels/Menu/Play.uasset" 446
"../../../../../UE/MyProject/Content/Levels/Menu/MenuWidget.uasset" 447
"../../../../../UE/MyProject/Content/Levels/Menu/Menu.umap" 448
"../../../../../UE/MyProject/Content/StarterContent/Blueprints/Assets/FogBrightnessLUT.uasset" 449
"../../../../../UE/MyProject/Content/StarterContent/Blueprints/Assets/SunlightColorLUT.uasset" 450
"../../../../../UE/MyProject/Content/StarterContent/Blueprints/Assets/M_LightStage_Arrows.uasset" 451
"../../../Engine/Content/MapTemplates/Sky/DaylightAmbientCubemap.uasset" 452
"../../../../../UE/MyProject/Content/StarterContent/Blueprints/Assets/M_LightStage_Skybox_Master.uasset" 453
"../../../../../UE/MyProject/Content/StarterContent/Blueprints/Assets/M_LightStage_Skybox_Black.uasset" 454
"../../../../../UE/MyProject/Content/StarterContent/Blueprints/Assets/M_LightStage_Skybox_HDRI.uasset" 455
"../../../Engine/Content/EditorMaterials/Thumbnails/SkySphereMaterial.uasset" 456
"../../../../../UE/MyProject/Content/StarterContent/Blueprints/Assets/Skybox.uasset" 457
"../../../../../UE/MyProject/Content/StarterContent/Blueprints/Assets/SM_Arrows.uasset" 458
"../../../../../UE/MyProject/Content/StarterContent/HDRI/HDRI_Epic_Courtyard_Daylight.uasset" 459
"../../../../../UE/MyProject/Content/StarterContent/Blueprints/BP_LightStudio.uasset" 460
"../../../../../UE/MyProject/Content/StarterContent/Maps/Advanced_Lighting_BuiltData.uasset" 461
"../../../../../UE/MyProject/Content/StarterContent/Materials/M_AssetPlatform.uasset" 462
"../../../Engine/Content/EditorMeshes/ColorCalibrator/M_ChromeBall.uasset" 463
"../../../Engine/Content/EditorMeshes/ColorCalibrator/M_ClearCoat.uasset" 464
"../../../Engine/Content/EditorMeshes/ColorCalibrator/M_ClearCoatBlack.uasset" 465
"../../../Engine/Content/EditorMeshes/ColorCalibrator/Color_checker.uasset" 466
"../../../Engine/Content/EditorMeshes/ColorCalibrator/M_ColorGrid.uasset" 467
"../../../Engine/Content/EditorMeshes/ColorCalibrator/M_GreyBall.uasset" 468
"../../../Engine/Content/EditorMeshes/ColorCalibrator/SM_ColorCalibrator.uasset" 469
"../../../../../UE/MyProject/Content/StarterContent/Architecture/SM_AssetPlatform.uasset" 470
"../../../../../UE/MyProject/Content/StarterContent/Maps/Advanced_Lighting.umap" 471
"../../../../../UE/MyProject/Content/StarterContent/Maps/Minimal_Default_BuiltData.uasset" 472
"../../../../../UE/MyProject/Content/StarterContent/Textures/T_MacroVariation.uasset" 473
"../../../../../UE/MyProject/Content/StarterContent/Materials/M_Metal_Brushed_Nickel.uasset" 474
"../../../../../UE/MyProject/Content/StarterContent/Textures/T_Metal_Aluminum_D.uasset" 475
"../../../../../UE/MyProject/Content/StarterContent/Textures/T_Metal_Gold_N.uasset" 476
"../../../../../UE/MyProject/Content/StarterContent/Materials/M_Metal_Burnished_Steel.uasset" 477
"../../../../../UE/MyProject/Content/StarterContent/Textures/T_Metal_Copper_D.uasset" 478
"../../../../../UE/MyProject/Content/StarterContent/Materials/M_Metal_Copper.uasset" 479
"../../../../../UE/MyProject/Content/StarterContent/Textures/T_Statue_M.uasset" 480
"../../../../../UE/MyProject/Content/StarterContent/Textures/T_Statue_N.uasset" 481
"../../../../../UE/MyProject/Content/StarterContent/Props/Materials/M_StatueGlass.uasset" 482
"../../../../../UE/MyProject/Content/StarterContent/Architecture/Floor_400x400.uasset" 483
"../../../../../UE/MyProject/Content/StarterContent/Audio/Starter_Background_Cue.uasset" 484
"../../../../../UE/MyProject/Content/StarterContent/Props/SM_Chair.uasset" 485
"../../../../../UE/MyProject/Content/StarterContent/Props/Materials/M_Statue.uasset" 486
"../../../../../UE/MyProject/Content/StarterContent/Props/SM_Statue.uasset" 487
"../../../../../UE/MyProject/Content/StarterContent/Textures/T_TableRound_M.uasset" 488
"../../../../../UE/MyProject/Content/StarterContent/Textures/T_TableRound_N.uasset" 489
"../../../../../UE/MyProject/Content/StarterContent/Props/Materials/M_TableRound.uasset" 490
"../../../../../UE/MyProject/Content/StarterContent/Props/SM_TableRound.uasset" 491
"../../../../../UE/MyProject/Content/StarterContent/Maps/Minimal_Default.umap" 492
"../../../../../UE/MyProject/Content/StarterContent/Audio/Fire01_Cue.uasset" 493
"../../../../../UE/MyProject/Content/StarterContent/Textures/T_Fire_SubUV.uasset" 494
"../../../../../UE/MyProject/Content/StarterContent/Textures/T_Fire_Tiled_D.uasset" 495
"../../../../../UE/MyProject/Content/StarterContent/Particles/Materials/M_Fire_SubUV.uasset" 496
"../../../../../UE/MyProject/Content/StarterContent/Textures/T_Water_N.uasset" 497
"../../../../../UE/MyProject/Content/StarterContent/Particles/Materials/M_Heat_Distortion.uasset" 498
"../../../../../UE/MyProject/Content/StarterContent/Particles/Materials/M_Radial_Gradient.uasset" 499
"../../../../../UE/MyProject/Content/StarterContent/Particles/P_Fire.uasset" 500
"../../../../../UE/MyProject/Content/StarterContent/Blueprints/Blueprint_Effect_Fire.uasset" 501
"../../../../../UE/MyProject/Content/StarterContent/Audio/Smoke01_Cue.uasset" 502
"../../../../../UE/MyProject/Content/StarterContent/Particles/P_Smoke.uasset" 503
"../../../../../UE/MyProject/Content/StarterContent/Blueprints/Blueprint_Effect_Smoke.uasset" 504
"../../../../../UE/MyProject/Content/StarterContent/Audio/Fire_Sparks01_Cue.uasset" 505
"../../../../../UE/MyProject/Content/StarterContent/Textures/T_Spark_Core.uasset" 506
"../../../../../UE/MyProject/Content/StarterContent/Particles/Materials/M_Spark.uasset" 507
"../../../../../UE/MyProject/Content/StarterContent/Particles/P_Sparks.uasset" 508
"../../../../../UE/MyProject/Content/StarterContent/Blueprints/Blueprint_Effect_Sparks.uasset" 509
"../../../../../UE/MyProject/Content/StarterContent/Audio/Steam01_Cue.uasset" 510
"../../../../../UE/MyProject/Content/StarterContent/Particles/P_Steam_Lit.uasset" 511
"../../../../../UE/MyProject/Content/StarterContent/Blueprints/Blueprint_Effect_Steam.uasset" 512
"../../../../../UE/MyProject/Content/StarterContent/Textures/T_Lamp_M.uasset" 513
"../../../../../UE/MyProject/Content/StarterContent/Textures/T_Lamp_N.uasset" 514
"../../../../../UE/MyProject/Content/StarterContent/Props/Materials/M_Lamp.uasset" 515
"../../../../../UE/MyProject/Content/StarterContent/Props/SM_Lamp_Ceiling.uasset" 516
"../../../../../UE/MyProject/Content/StarterContent/Blueprints/Blueprint_CeilingLight.uasset" 517
"../../../../../UE/MyProject/Content/StarterContent/Props/SM_Lamp_Wall.uasset" 518
"../../../../../UE/MyProject/Content/StarterContent/Blueprints/Blueprint_WallSconce.uasset" 519
"../../../../../UE/MyProject/Content/StarterContent/Maps/StarterMap_BuiltData.uasset" 520
"../../../Engine/Content/Functions/Engine_MaterialFunctions03/Procedurals/ComputeFilterWidth.uasset" 521
"../../../Engine/Content/EngineMaterials/AntiAliasedTextMaterialTranslucent.uasset" 522
"../../../../../UE/MyProject/Content/StarterContent/Textures/T_Brick_Clay_Beveled_D.uasset" 523
"../../../../../UE/MyProject/Content/StarterContent/Textures/T_Brick_Clay_Beveled_M.uasset" 524
"../../../../../UE/MyProject/Content/StarterContent/Textures/T_Brick_Clay_Beveled_N.uasset" 525
"../../../../../UE/MyProject/Content/StarterContent/Materials/M_Brick_Clay_Beveled.uasset" 526
"../../../../../UE/MyProject/Content/StarterContent/Textures/T_Brick_Clay_New_D.uasset" 527
"../../../../../UE/MyProject/Content/StarterContent/Textures/T_Brick_Clay_New_M.uasset" 528
"../../../../../UE/MyProject/Content/StarterContent/Textures/T_Brick_Clay_New_N.uasset" 529
"../../../../../UE/MyProject/Content/StarterContent/Materials/M_Brick_Clay_New.uasset" 530
"../../../../../UE/MyProject/Content/StarterContent/Textures/T_Brick_Clay_Old_D.uasset" 531
"../../../../../UE/MyProject/Content/StarterContent/Textures/T_Brick_Clay_Old_N.uasset" 532
"../../../../../UE/MyProject/Content/StarterContent/Textures/T_Perlin_Noise_M.uasset" 533
"../../../../../UE/MyProject/Content/StarterContent/Materials/M_Brick_Clay_Old.uasset" 534
"../../../../../UE/MyProject/Content/StarterContent/Textures/T_Brick_Cut_Stone_D.uasset" 535
"../../../../../UE/MyProject/Content/StarterContent/Textures/T_Brick_Cut_Stone_N.uasset" 536
"../../../../../UE/MyProject/Content/StarterContent/Materials/M_Brick_Cut_Stone.uasset" 537
"../../../../../UE/MyProject/Content/StarterContent/Textures/T_Brick_Hewn_Stone_D.uasset" 538
"../../../../../UE/MyProject/Content/StarterContent/Textures/T_Brick_Hewn_Stone_M.uasset" 539
"../../../../../UE/MyProject/Content/StarterContent/Textures/T_Brick_Hewn_Stone_N.uasset" 540
"../../../../../UE/MyProject/Content/StarterContent/Materials/M_Brick_Hewn_Stone.uasset" 541
"../../../../../UE/MyProject/Content/StarterContent/Textures/T_Ceramic_Tile_M.uasset" 542
"../../../../../UE/MyProject/Content/StarterContent/Textures/T_Ceramic_Tile_N.uasset" 543
"../../../../../UE/MyProject/Content/StarterContent/Textures/T_Rock_Marble_Polished_D.uasset" 544
"../../../../../UE/MyProject/Content/StarterContent/Materials/M_Ceramic_Tile_Checker.uasset" 545
"../../../../../UE/MyProject/Content/StarterContent/Textures/T_CobbleStone_Pebble_D.uasset" 546
"../../../../../UE/MyProject/Content/StarterContent/Textures/T_CobbleStone_Pebble_M.uasset" 547
"../../../../../UE/MyProject/Content/StarterContent/Textures/T_CobbleStone_Pebble_N.uasset" 548
"../../../../../UE/MyProject/Content/StarterContent/Materials/M_CobbleStone_Pebble.uasset" 549
"../../../../../UE/MyProject/Content/StarterContent/Textures/T_CobbleStone_Rough_D.uasset" 550
"../../../../../UE/MyProject/Content/StarterContent/Textures/T_CobbleStone_Rough_N.uasset" 551
"../../../../../UE/MyProject/Content/StarterContent/Textures/T_Gradinet_01.uasset" 552
"../../../../../UE/MyProject/Content/StarterContent/Textures/T_Rock_Smooth_Granite_D.uasset" 553
"../../../../../UE/MyProject/Content/StarterContent/Materials/M_CobbleStone_Rough.uasset" 554
"../../../../../UE/MyProject/Content/StarterContent/Textures/T_CobbleStone_Smooth_D.uasset" 555
"../../../../../UE/MyProject/Content/StarterContent/Textures/T_CobbleStone_Smooth_M.uasset" 556
"../../../../../UE/MyProject/Content/StarterContent/Textures/T_CobbleStone_Smooth_N.uasset" 557
"../../../../../UE/MyProject/Content/StarterContent/Materials/M_CobbleStone_Smooth.uasset" 558
"../../../../../UE/MyProject/Content/StarterContent/Textures/T_Concrete_Grime_D.uasset" 559
"../../../../../UE/MyProject/Content/StarterContent/Textures/T_Metal_Rust_N.uasset" 560
"../../../../../UE/MyProject/Content/StarterContent/Materials/M_Concrete_Grime.uasset" 561
"../../../../../UE/MyProject/Content/StarterContent/Textures/T_Concrete_Panels_D.uasset" 562
"../../../../../UE/MyProject/Content/StarterContent/Textures/T_Concrete_Panels_N.uasset" 563
"../../../../../UE/MyProject/Content/StarterContent/Materials/M_Concrete_Panels.uasset" 564
"../../../../../UE/MyProject/Content/StarterContent/Textures/T_Concrete_Poured_D.uasset" 565
"../../../../../UE/MyProject/Content/StarterContent/Textures/T_Concrete_Poured_N.uasset" 566
"../../../../../UE/MyProject/Content/StarterContent/Materials/M_Concrete_Poured.uasset" 567
"../../../../../UE/MyProject/Content/StarterContent/Textures/T_Concrete_Tiles_D.uasset" 568
"../../../../../UE/MyProject/Content/StarterContent/Textures/T_Concrete_Tiles_M.uasset" 569
"../../../../../UE/MyProject/Content/StarterContent/Textures/T_Concrete_Tiles_N.uasset" 570
"../../../../../UE/MyProject/Content/StarterContent/Textures/T_Concrete_Tiles_Variation_M.uasset" 571
"../../../../../UE/MyProject/Content/StarterContent/Materials/M_Concrete_Tiles.uasset" 572
"../../../../../UE/MyProject/Content/StarterContent/Textures/T_Ground_Grass_D.uasset" 573
"../../../../../UE/MyProject/Content/StarterContent/Textures/T_Ground_Grass_N.uasset" 574
"../../../../../UE/MyProject/Content/StarterContent/Materials/M_Ground_Grass.uasset" 575
"../../../../../UE/MyProject/Content/StarterContent/Textures/T_Ground_Gravel_D.uasset" 576
"../../../../../UE/MyProject/Content/StarterContent/Textures/T_Ground_Gravel_N.uasset" 577
"../../../../../UE/MyProject/Content/StarterContent/Materials/M_Ground_Gravel.uasset" 578
"../../../../../UE/MyProject/Content/StarterContent/Textures/T_ground_Moss_D.uasset" 579
"../../../../../UE/MyProject/Content/StarterContent/Textures/T_Ground_Moss_N.uasset" 580
"../../../../../UE/MyProject/Content/StarterContent/Materials/M_Ground_Moss.uasset" 581
"../../../../../UE/MyProject/Content/StarterContent/Materials/M_Metal_Chrome.uasset" 582
"../../../../../UE/MyProject/Content/StarterContent/Textures/T_Metal_Gold_D.uasset" 583
"../../../../../UE/MyProject/Content/StarterContent/Materials/M_Metal_Gold.uasset" 584
"../../../../../UE/MyProject/Content/StarterContent/Textures/T_Metal_Rust_D.uasset" 585
"../../../../../UE/MyProject/Content/StarterContent/Materials/M_Metal_Rust.uasset" 586
"../../../../../UE/MyProject/Content/StarterContent/Textures/T_Metal_Steel_D.uasset" 587
"../../../../../UE/MyProject/Content/StarterContent/Textures/T_Metal_Steel_N.uasset" 588
"../../../../../UE/MyProject/Content/StarterContent/Materials/M_Metal_Steel.uasset" 589
"../../../../../UE/MyProject/Content/StarterContent/Textures/T_Rock_Basalt_N.uasset" 590
"../../../../../UE/MyProject/Content/StarterContent/Materials/M_Rock_Basalt.uasset" 591
"../../../../../UE/MyProject/Content/StarterContent/Materials/M_Rock_Marble_Polished.uasset" 592
"../../../../../UE/MyProject/Content/StarterContent/Textures/T_Rock_Sandstone_D.uasset" 593
"../../../../../UE/MyProject/Content/StarterContent/Textures/T_Rock_Sandstone_N.uasset" 594
"../../../../../UE/MyProject/Content/StarterContent/Materials/M_Rock_Sandstone.uasset" 595
"../../../../../UE/MyProject/Content/StarterContent/Textures/T_Rock_Slate_D.uasset" 596
"../../../../../UE/MyProject/Content/StarterContent/Textures/T_Rock_Slate_N.uasset" 597
"../../../../../UE/MyProject/Content/StarterContent/Materials/M_Rock_Slate.uasset" 598
"../../../../../UE/MyProject/Content/StarterContent/Textures/T_Checker_Noise_M.uasset" 599
"../../../../../UE/MyProject/Content/StarterContent/Textures/T_Single_Tile_N.uasset" 600
"../../../../../UE/MyProject/Content/StarterContent/Textures/T_Tech_Dot_M.uasset" 601
"../../../../../UE/MyProject/Content/StarterContent/Textures/T_Tech_Dot_N.uasset" 602
"../../../../../UE/MyProject/Content/StarterContent/Materials/M_Tech_Checker_Dot.uasset" 603
"../../../../../UE/MyProject/Content/StarterContent/Textures/T_Tech_Hex_Tile_M.uasset" 604
"../../../../../UE/MyProject/Content/StarterContent/Textures/T_Tech_Hex_Tile_N.uasset" 605
"../../../../../UE/MyProject/Content/StarterContent/Materials/M_Tech_Hex_Tile.uasset" 606
"../../../../../UE/MyProject/Content/StarterContent/Materials/M_Tech_Hex_Tile_Pulse.uasset" 607
"../../../../../UE/MyProject/Content/StarterContent/Textures/T_Tech_Panel_M.uasset" 608
"../../../../../UE/MyProject/Content/StarterContent/Textures/T_Tech_Panel_N.uasset" 609
"../../../../../UE/MyProject/Content/StarterContent/Materials/M_Tech_Panel.uasset" 610
"../../../../../UE/MyProject/Content/StarterContent/Materials/M_Water_Lake.uasset" 611
"../../../../../UE/MyProject/Content/StarterContent/Textures/T_Water_M.uasset" 612
"../../../../../UE/MyProject/Content/StarterContent/Materials/M_Water_Ocean.uasset" 613
"../../../../../UE/MyProject/Content/StarterContent/Textures/T_Wood_Floor_Walnut_D.uasset" 614
"../../../../../UE/MyProject/Content/StarterContent/Textures/T_Wood_Floor_Walnut_M.uasset" 615
"../../../../../UE/MyProject/Content/StarterContent/Textures/T_Wood_Floor_Walnut_N.uasset" 616
"../../../../../UE/MyProject/Content/StarterContent/Materials/M_Wood_Floor_Walnut_Polished.uasset" 617
"../../../Engine/Content/Functions/Engine_MaterialFunctions01/Opacity/AlphaOffset.uasset" 618
"../../../../../UE/MyProject/Content/StarterContent/Materials/M_Wood_Floor_Walnut_Worn.uasset" 619
"../../../../../UE/MyProject/Content/StarterContent/Textures/T_Wood_Oak_D.uasset" 620
"../../../../../UE/MyProject/Content/StarterContent/Textures/T_Wood_Oak_N.uasset" 621
"../../../../../UE/MyProject/Content/StarterContent/Materials/M_Wood_Oak.uasset" 622
"../../../../../UE/MyProject/Content/StarterContent/Textures/T_Wood_Pine_D.uasset" 623
"../../../../../UE/MyProject/Content/StarterContent/Textures/T_Wood_Pine_N.uasset" 624
"../../../../../UE/MyProject/Content/StarterContent/Materials/M_Wood_Pine.uasset" 625
"../../../../../UE/MyProject/Content/StarterContent/Textures/T_Wood_Walnut_D.uasset" 626
"../../../../../UE/MyProject/Content/StarterContent/Textures/T_Wood_Walnut_N.uasset" 627
"../../../../../UE/MyProject/Content/StarterContent/Materials/M_Wood_Walnut.uasset" 628
"../../../../../UE/MyProject/Content/StarterContent/Architecture/Wall_400x200.uasset" 629
"../../../../../UE/MyProject/Content/StarterContent/Architecture/Wall_Door_400x300.uasset" 630
"../../../../../UE/MyProject/Content/StarterContent/Architecture/Wall_Window_400x300.uasset" 631
"../../../../../UE/MyProject/Content/StarterContent/Audio/Collapse_Cue.uasset" 632
"../../../../../UE/MyProject/Content/StarterContent/Audio/Starter_Music_Cue.uasset" 633
"../../../../../UE/MyProject/Content/StarterContent/Textures/T_Dust_Particle_D.uasset" 634
"../../../../../UE/MyProject/Content/StarterContent/Particles/Materials/M_Dust_Particle.uasset" 635
"../../../../../UE/MyProject/Content/StarterContent/Particles/P_Ambient_Dust.uasset" 636
"../../../../../UE/MyProject/Content/StarterContent/Props/MaterialSphere.uasset" 637
"../../../../../UE/MyProject/Content/StarterContent/Textures/T_Frame_M.uasset" 638
"../../../../../UE/MyProject/Content/StarterContent/Textures/T_Frame_N.uasset" 639
"../../../../../UE/MyProject/Content/StarterContent/Props/Materials/M_Frame.uasset" 640
"../../../../../UE/MyProject/Content/StarterContent/Props/SM_CornerFrame.uasset" 641
"../../../../../UE/MyProject/Content/StarterContent/Props/SM_DoorFrame.uasset" 642
"../../../../../UE/MyProject/Content/StarterContent/Props/SM_GlassWindow.uasset" 643
"../../../../../UE/MyProject/Content/StarterContent/Props/SM_PillarFrame.uasset" 644
"../../../../../UE/MyProject/Content/StarterContent/Props/SM_PillarFrame300.uasset" 645
"../../../../../UE/MyProject/Content/StarterContent/Props/SM_WindowFrame.uasset" 646
"../../../../../UE/MyProject/Content/StarterContent/Shapes/Shape_Cube.uasset" 647
"../../../../../UE/MyProject/Content/StarterContent/Shapes/Shape_QuadPyramid.uasset" 648
"../../../../../UE/MyProject/Content/StarterContent/Shapes/Shape_Sphere.uasset" 649
"../../../../../UE/MyProject/Content/StarterContent/Maps/StarterMap.umap" 650
"../../../../../UE/MyProject/Content/ThirdPerson/Maps/ThirdPersonExampleMap_BuiltData.uasset" 651
"../../../../../UE/MyProject/Content/Geometry/Meshes/CubeMaterial.uasset" 652
"../../../../../UE/MyProject/Content/Geometry/Meshes/1M_Cube.uasset" 653
"../../../../../UE/MyProject/Content/Geometry/Meshes/1M_Cube_Chamfer.uasset" 654
"../../../../../UE/MyProject/Content/Geometry/Meshes/TemplateFloor.uasset" 655
"../../../../../UE/MyProject/Content/ThirdPerson/Meshes/RampMaterial.uasset" 656
"../../../../../UE/MyProject/Content/ThirdPerson/Meshes/Bump_StaticMesh.uasset" 657
"../../../../../UE/MyProject/Content/ThirdPerson/Meshes/LeftArm_StaticMesh.uasset" 658
"../../../../../UE/MyProject/Content/ThirdPerson/Meshes/Linear_Stair_StaticMesh.uasset" 659
"../../../../../UE/MyProject/Content/ThirdPerson/Meshes/Ramp_StaticMesh.uasset" 660
"../../../../../UE/MyProject/Content/ThirdPerson/Meshes/RightArm_StaticMesh.uasset" 661
"../../../../../UE/MyProject/Content/ThirdPerson/Maps/ThirdPersonExampleMap.umap" 662
"../../../Engine/Content/Maps/Entry.umap" 663
